c:\users\sephirothbahamut\documents\programming\vs\projects\sfml\sidebar\sidebar\x64\release\vc141.pdb
c:\users\sephirothbahamut\documents\programming\vs\projects\sfml\sidebar\sidebar\x64\release\win.obj
c:\users\sephirothbahamut\documents\programming\vs\projects\sfml\sidebar\sidebar\x64\release\wallpaper_main.obj
c:\users\sephirothbahamut\documents\programming\vs\projects\sfml\sidebar\sidebar\x64\release\tinyxml2.obj
c:\users\sephirothbahamut\documents\programming\vs\projects\sfml\sidebar\sidebar\x64\release\screen.obj
c:\users\sephirothbahamut\documents\programming\vs\projects\sfml\sidebar\sidebar\x64\release\prompt_main.obj
c:\users\sephirothbahamut\documents\programming\vs\projects\sfml\sidebar\sidebar\x64\release\partsystem.obj
c:\users\sephirothbahamut\documents\programming\vs\projects\sfml\sidebar\sidebar\x64\release\particles.obj
c:\users\sephirothbahamut\documents\programming\vs\projects\sfml\sidebar\sidebar\x64\release\particle.obj
c:\users\sephirothbahamut\documents\programming\vs\projects\sfml\sidebar\sidebar\x64\release\oldpartsystem.obj
c:\users\sephirothbahamut\documents\programming\vs\projects\sfml\sidebar\sidebar\x64\release\oldparticle.obj
c:\users\sephirothbahamut\documents\programming\vs\projects\sfml\sidebar\sidebar\x64\release\maths.obj
c:\users\sephirothbahamut\documents\programming\vs\projects\sfml\sidebar\sidebar\x64\release\bar_main.obj
c:\users\sephirothbahamut\documents\programming\vs\projects\sfml\sidebar\sidebar\x64\release\main.obj
c:\users\sephirothbahamut\documents\programming\vs\projects\sfml\sidebar\sidebar\x64\release\bottom_main.obj
c:\users\sephirothbahamut\documents\programming\vs\projects\sfml\sidebar\sidebar\x64\release\barnackclock.obj
c:\users\sephirothbahamut\documents\programming\vs\projects\sfml\sidebar\sidebar\x64\release\barbutton.obj
c:\users\sephirothbahamut\documents\programming\vs\projects\sfml\sidebar\sidebar\x64\release\autorun.obj
c:\users\sephirothbahamut\documents\programming\vs\projects\sfml\sidebar\x64\release\sidebar.exe
c:\users\sephirothbahamut\documents\programming\vs\projects\sfml\sidebar\x64\release\sidebar.pdb
c:\users\sephirothbahamut\documents\programming\vs\projects\sfml\sidebar\sidebar\x64\release\sidebar.res
c:\users\sephirothbahamut\documents\programming\vs\projects\sfml\sidebar\x64\release\sidebar.lib
c:\users\sephirothbahamut\documents\programming\vs\projects\sfml\sidebar\x64\release\sidebar.exp
c:\users\sephirothbahamut\documents\programming\vs\projects\sfml\sidebar\x64\release\sidebar.ipdb
c:\users\sephirothbahamut\documents\programming\vs\projects\sfml\sidebar\x64\release\sidebar.iobj
c:\users\sephirothbahamut\documents\programming\vs\projects\sfml\sidebar\sidebar\x64\release\sidebar.tlog\cl.command.1.tlog
c:\users\sephirothbahamut\documents\programming\vs\projects\sfml\sidebar\sidebar\x64\release\sidebar.tlog\cl.read.1.tlog
c:\users\sephirothbahamut\documents\programming\vs\projects\sfml\sidebar\sidebar\x64\release\sidebar.tlog\cl.write.1.tlog
c:\users\sephirothbahamut\documents\programming\vs\projects\sfml\sidebar\sidebar\x64\release\sidebar.tlog\link.command.1.tlog
c:\users\sephirothbahamut\documents\programming\vs\projects\sfml\sidebar\sidebar\x64\release\sidebar.tlog\link.read.1.tlog
c:\users\sephirothbahamut\documents\programming\vs\projects\sfml\sidebar\sidebar\x64\release\sidebar.tlog\link.write.1.tlog
c:\users\sephirothbahamut\documents\programming\vs\projects\sfml\sidebar\sidebar\x64\release\sidebar.tlog\rc.command.1.tlog
c:\users\sephirothbahamut\documents\programming\vs\projects\sfml\sidebar\sidebar\x64\release\sidebar.tlog\rc.read.1.tlog
c:\users\sephirothbahamut\documents\programming\vs\projects\sfml\sidebar\sidebar\x64\release\sidebar.tlog\rc.write.1.tlog
c:\users\sephirothbahamut\documents\programming\vs\projects\sfml\sidebar\sidebar\x64\release\sidebar.tlog\sidebar.write.1u.tlog
