  Win.cpp
  wallpaper_main.cpp
c:\users\sephirothbahamut\documents\programming\vs\projects\sfml\sidebar\sidebar\wallpaper_main.cpp(45): warning C4244: 'initializing': conversion from 'int' to 'float', possible loss of data
c:\users\sephirothbahamut\documents\programming\vs\projects\sfml\sidebar\sidebar\wallpaper_main.cpp(95): warning C4244: 'initializing': conversion from 'int' to 'float', possible loss of data
c:\users\sephirothbahamut\documents\programming\vs\projects\sfml\sidebar\sidebar\wallpaper_main.cpp(96): warning C4244: 'initializing': conversion from 'int' to 'float', possible loss of data
c:\users\sephirothbahamut\documents\programming\vs\projects\sfml\sidebar\sidebar\wallpaper_main.cpp(98): warning C4244: 'initializing': conversion from 'unsigned int' to 'float', possible loss of data
c:\users\sephirothbahamut\documents\programming\vs\projects\sfml\sidebar\sidebar\wallpaper_main.cpp(99): warning C4244: 'initializing': conversion from 'unsigned int' to 'float', possible loss of data
c:\users\sephirothbahamut\documents\programming\vs\projects\sfml\sidebar\sidebar\wallpaper_main.cpp(133): warning C4244: 'argument': conversion from 'int' to 'float', possible loss of data
  prompt_main.cpp
  PartSystem.cpp
  OldPartSystem.cpp
  mouse_effects_main.cpp
  bar_main.cpp
c:\users\sephirothbahamut\documents\programming\vs\projects\sfml\sidebar\sidebar\bar_main.cpp(47): warning C4244: 'argument': conversion from 'int' to 'float', possible loss of data
c:\users\sephirothbahamut\documents\programming\vs\projects\sfml\sidebar\sidebar\bar_main.cpp(64): warning C4244: 'argument': conversion from 'double' to 'sf::Uint8', possible loss of data
c:\users\sephirothbahamut\documents\programming\vs\projects\sfml\sidebar\sidebar\bar_main.cpp(65): warning C4244: 'argument': conversion from 'int' to 'float', possible loss of data
c:\users\sephirothbahamut\documents\programming\vs\projects\sfml\sidebar\sidebar\bar_main.cpp(65): warning C4305: 'argument': truncation from 'double' to 'float'
  main.cpp
  bottom_main.cpp
c:\users\sephirothbahamut\documents\programming\vs\projects\sfml\sidebar\sidebar\bottom_main.cpp(41): warning C4244: 'argument': conversion from 'double' to 'sf::Uint8', possible loss of data
c:\users\sephirothbahamut\documents\programming\vs\projects\sfml\sidebar\sidebar\bottom_main.cpp(43): warning C4244: 'argument': conversion from 'int' to 'float', possible loss of data
c:\users\sephirothbahamut\documents\programming\vs\projects\sfml\sidebar\sidebar\bottom_main.cpp(43): warning C4305: 'argument': truncation from 'double' to 'float'
  Generating Code...
c:\users\sephirothbahamut\documents\programming\vs\projects\sfml\sidebar\sidebar\win.cpp(53): warning C4715: 'Win::Screen::get_taskbar_height': not all control paths return a value
  Compiling...
  BarButton.cpp
c:\users\sephirothbahamut\documents\programming\vs\projects\sfml\sidebar\sidebar\barbutton.cpp(20): warning C4244: 'argument': conversion from 'double' to 'float', possible loss of data
c:\users\sephirothbahamut\documents\programming\vs\projects\sfml\sidebar\sidebar\barbutton.cpp(23): warning C4244: 'argument': conversion from 'double' to 'int', possible loss of data
c:\users\sephirothbahamut\documents\programming\vs\projects\sfml\sidebar\sidebar\barbutton.cpp(41): warning C4244: 'argument': conversion from 'double' to 'float', possible loss of data
c:\users\sephirothbahamut\documents\programming\vs\projects\sfml\sidebar\sidebar\barbutton.cpp(121): warning C4244: 'argument': conversion from 'double' to 'float', possible loss of data
c:\users\sephirothbahamut\documents\programming\vs\projects\sfml\sidebar\sidebar\barbutton.cpp(134): warning C4244: 'argument': conversion from 'double' to 'float', possible loss of data
  Generating Code...
  SideBar.vcxproj -> C:\Users\Sephirothbahamut\Documents\Programming\VS\Projects\SFML\SideBar\Debug\SideBar.exe
