c:\users\sephirothbahamut\documents\programming\vs\projects\sfml\sidebar\sidebar\debug\vc141.pdb
c:\users\sephirothbahamut\documents\programming\vs\projects\sfml\sidebar\sidebar\debug\vc141.idb
c:\users\sephirothbahamut\documents\programming\vs\projects\sfml\sidebar\sidebar\debug\autorun.obj
c:\users\sephirothbahamut\documents\programming\vs\projects\sfml\sidebar\sidebar\debug\barbutton.obj
c:\users\sephirothbahamut\documents\programming\vs\projects\sfml\sidebar\sidebar\debug\barnackclock.obj
c:\users\sephirothbahamut\documents\programming\vs\projects\sfml\sidebar\sidebar\debug\bottom_main.obj
c:\users\sephirothbahamut\documents\programming\vs\projects\sfml\sidebar\sidebar\debug\main.obj
c:\users\sephirothbahamut\documents\programming\vs\projects\sfml\sidebar\sidebar\debug\bar_main.obj
c:\users\sephirothbahamut\documents\programming\vs\projects\sfml\sidebar\sidebar\debug\maths.obj
c:\users\sephirothbahamut\documents\programming\vs\projects\sfml\sidebar\sidebar\debug\oldparticle.obj
c:\users\sephirothbahamut\documents\programming\vs\projects\sfml\sidebar\sidebar\debug\oldpartsystem.obj
c:\users\sephirothbahamut\documents\programming\vs\projects\sfml\sidebar\sidebar\debug\particle.obj
c:\users\sephirothbahamut\documents\programming\vs\projects\sfml\sidebar\sidebar\debug\particles.obj
c:\users\sephirothbahamut\documents\programming\vs\projects\sfml\sidebar\sidebar\debug\partsystem.obj
c:\users\sephirothbahamut\documents\programming\vs\projects\sfml\sidebar\sidebar\debug\prompt_main.obj
c:\users\sephirothbahamut\documents\programming\vs\projects\sfml\sidebar\sidebar\debug\screen.obj
c:\users\sephirothbahamut\documents\programming\vs\projects\sfml\sidebar\sidebar\debug\tinyxml2.obj
c:\users\sephirothbahamut\documents\programming\vs\projects\sfml\sidebar\sidebar\debug\wallpaper_main.obj
c:\users\sephirothbahamut\documents\programming\vs\projects\sfml\sidebar\sidebar\debug\win.obj
c:\users\sephirothbahamut\documents\programming\vs\projects\sfml\sidebar\debug\sidebar.exe
c:\users\sephirothbahamut\documents\programming\vs\projects\sfml\sidebar\debug\sidebar.ilk
c:\users\sephirothbahamut\documents\programming\vs\projects\sfml\sidebar\debug\sidebar.pdb
c:\users\sephirothbahamut\documents\programming\vs\projects\sfml\sidebar\sidebar\debug\sidebar.res
c:\users\sephirothbahamut\documents\programming\vs\projects\sfml\sidebar\sidebar\debug\sidebar.tlog\cl.command.1.tlog
c:\users\sephirothbahamut\documents\programming\vs\projects\sfml\sidebar\sidebar\debug\sidebar.tlog\cl.read.1.tlog
c:\users\sephirothbahamut\documents\programming\vs\projects\sfml\sidebar\sidebar\debug\sidebar.tlog\cl.write.1.tlog
c:\users\sephirothbahamut\documents\programming\vs\projects\sfml\sidebar\sidebar\debug\sidebar.tlog\link.command.1.tlog
c:\users\sephirothbahamut\documents\programming\vs\projects\sfml\sidebar\sidebar\debug\sidebar.tlog\link.read.1.tlog
c:\users\sephirothbahamut\documents\programming\vs\projects\sfml\sidebar\sidebar\debug\sidebar.tlog\link.write.1.tlog
c:\users\sephirothbahamut\documents\programming\vs\projects\sfml\sidebar\sidebar\debug\sidebar.tlog\rc.command.1.tlog
c:\users\sephirothbahamut\documents\programming\vs\projects\sfml\sidebar\sidebar\debug\sidebar.tlog\rc.read.1.tlog
c:\users\sephirothbahamut\documents\programming\vs\projects\sfml\sidebar\sidebar\debug\sidebar.tlog\rc.write.1.tlog
