c:\users\sephirothbahamut\documents\programming\vs\projects\sfml\sidebar\sidebar\x64\debug\vc141.pdb
c:\users\sephirothbahamut\documents\programming\vs\projects\sfml\sidebar\sidebar\x64\debug\vc141.idb
c:\users\sephirothbahamut\documents\programming\vs\projects\sfml\sidebar\sidebar\x64\debug\barbutton.obj
c:\users\sephirothbahamut\documents\programming\vs\projects\sfml\sidebar\sidebar\x64\debug\barnackclock.obj
c:\users\sephirothbahamut\documents\programming\vs\projects\sfml\sidebar\sidebar\x64\debug\bottom_main.obj
c:\users\sephirothbahamut\documents\programming\vs\projects\sfml\sidebar\sidebar\x64\debug\main.obj
c:\users\sephirothbahamut\documents\programming\vs\projects\sfml\sidebar\sidebar\x64\debug\bar_main.obj
c:\users\sephirothbahamut\documents\programming\vs\projects\sfml\sidebar\sidebar\x64\debug\maths.obj
c:\users\sephirothbahamut\documents\programming\vs\projects\sfml\sidebar\sidebar\x64\debug\mouse_effects_main.obj
c:\users\sephirothbahamut\documents\programming\vs\projects\sfml\sidebar\sidebar\x64\debug\oldparticle.obj
c:\users\sephirothbahamut\documents\programming\vs\projects\sfml\sidebar\sidebar\x64\debug\oldpartsystem.obj
c:\users\sephirothbahamut\documents\programming\vs\projects\sfml\sidebar\sidebar\x64\debug\particle.obj
c:\users\sephirothbahamut\documents\programming\vs\projects\sfml\sidebar\sidebar\x64\debug\particles.obj
c:\users\sephirothbahamut\documents\programming\vs\projects\sfml\sidebar\sidebar\x64\debug\partsystem.obj
c:\users\sephirothbahamut\documents\programming\vs\projects\sfml\sidebar\sidebar\x64\debug\prompt_main.obj
c:\users\sephirothbahamut\documents\programming\vs\projects\sfml\sidebar\sidebar\x64\debug\sbitem.obj
c:\users\sephirothbahamut\documents\programming\vs\projects\sfml\sidebar\sidebar\x64\debug\settings.obj
c:\users\sephirothbahamut\documents\programming\vs\projects\sfml\sidebar\sidebar\x64\debug\tinyxml2.obj
c:\users\sephirothbahamut\documents\programming\vs\projects\sfml\sidebar\sidebar\x64\debug\wallpaper_main.obj
c:\users\sephirothbahamut\documents\programming\vs\projects\sfml\sidebar\sidebar\x64\debug\win.obj
c:\users\sephirothbahamut\documents\programming\vs\projects\sfml\sidebar\x64\debug\sidebar.exe
c:\users\sephirothbahamut\documents\programming\vs\projects\sfml\sidebar\x64\debug\sidebar.ilk
c:\users\sephirothbahamut\documents\programming\vs\projects\sfml\sidebar\x64\debug\sidebar.pdb
c:\users\sephirothbahamut\documents\programming\vs\projects\sfml\sidebar\sidebar\x64\debug\sidebar.res
c:\users\sephirothbahamut\documents\programming\vs\projects\sfml\sidebar\sidebar\x64\debug\sidebar.tlog\cl.command.1.tlog
c:\users\sephirothbahamut\documents\programming\vs\projects\sfml\sidebar\sidebar\x64\debug\sidebar.tlog\cl.read.1.tlog
c:\users\sephirothbahamut\documents\programming\vs\projects\sfml\sidebar\sidebar\x64\debug\sidebar.tlog\cl.write.1.tlog
c:\users\sephirothbahamut\documents\programming\vs\projects\sfml\sidebar\sidebar\x64\debug\sidebar.tlog\link.command.1.tlog
c:\users\sephirothbahamut\documents\programming\vs\projects\sfml\sidebar\sidebar\x64\debug\sidebar.tlog\link.read.1.tlog
c:\users\sephirothbahamut\documents\programming\vs\projects\sfml\sidebar\sidebar\x64\debug\sidebar.tlog\link.write.1.tlog
c:\users\sephirothbahamut\documents\programming\vs\projects\sfml\sidebar\sidebar\x64\debug\sidebar.tlog\rc.command.1.tlog
c:\users\sephirothbahamut\documents\programming\vs\projects\sfml\sidebar\sidebar\x64\debug\sidebar.tlog\rc.read.1.tlog
c:\users\sephirothbahamut\documents\programming\vs\projects\sfml\sidebar\sidebar\x64\debug\sidebar.tlog\rc.write.1.tlog
