c:\users\sephirothbahamut\documents\programming\vs\projects\sfml\sidebar\sidebar\release\vc141.pdb
c:\users\sephirothbahamut\documents\programming\vs\projects\sfml\sidebar\sidebar\release\win.obj
c:\users\sephirothbahamut\documents\programming\vs\projects\sfml\sidebar\sidebar\release\tinyxml2.obj
c:\users\sephirothbahamut\documents\programming\vs\projects\sfml\sidebar\sidebar\release\settings_main.obj
c:\users\sephirothbahamut\documents\programming\vs\projects\sfml\sidebar\sidebar\release\screen.obj
c:\users\sephirothbahamut\documents\programming\vs\projects\sfml\sidebar\sidebar\release\prompt_main.obj
c:\users\sephirothbahamut\documents\programming\vs\projects\sfml\sidebar\sidebar\release\partsystem.obj
c:\users\sephirothbahamut\documents\programming\vs\projects\sfml\sidebar\sidebar\release\particle.obj
c:\users\sephirothbahamut\documents\programming\vs\projects\sfml\sidebar\sidebar\release\maths.obj
c:\users\sephirothbahamut\documents\programming\vs\projects\sfml\sidebar\sidebar\release\bar_main.obj
c:\users\sephirothbahamut\documents\programming\vs\projects\sfml\sidebar\sidebar\release\main.obj
c:\users\sephirothbahamut\documents\programming\vs\projects\sfml\sidebar\sidebar\release\bottom_main.obj
c:\users\sephirothbahamut\documents\programming\vs\projects\sfml\sidebar\sidebar\release\barnackclock.obj
c:\users\sephirothbahamut\documents\programming\vs\projects\sfml\sidebar\sidebar\release\barbutton.obj
c:\users\sephirothbahamut\documents\programming\vs\projects\sfml\sidebar\sidebar\release\autorun.obj
c:\users\sephirothbahamut\documents\programming\vs\projects\sfml\sidebar\release\sidebar.exe
c:\users\sephirothbahamut\documents\programming\vs\projects\sfml\sidebar\release\sidebar.pdb
c:\users\sephirothbahamut\documents\programming\vs\projects\sfml\sidebar\sidebar\release\sidebar.res
c:\users\sephirothbahamut\documents\programming\vs\projects\sfml\sidebar\release\sidebar.lib
c:\users\sephirothbahamut\documents\programming\vs\projects\sfml\sidebar\release\sidebar.exp
c:\users\sephirothbahamut\documents\programming\vs\projects\sfml\sidebar\release\sidebar.ipdb
c:\users\sephirothbahamut\documents\programming\vs\projects\sfml\sidebar\release\sidebar.iobj
c:\users\sephirothbahamut\documents\programming\vs\projects\sfml\sidebar\sidebar\release\sidebar.tlog\cl.command.1.tlog
c:\users\sephirothbahamut\documents\programming\vs\projects\sfml\sidebar\sidebar\release\sidebar.tlog\cl.read.1.tlog
c:\users\sephirothbahamut\documents\programming\vs\projects\sfml\sidebar\sidebar\release\sidebar.tlog\cl.write.1.tlog
c:\users\sephirothbahamut\documents\programming\vs\projects\sfml\sidebar\sidebar\release\sidebar.tlog\link.command.1.tlog
c:\users\sephirothbahamut\documents\programming\vs\projects\sfml\sidebar\sidebar\release\sidebar.tlog\link.read.1.tlog
c:\users\sephirothbahamut\documents\programming\vs\projects\sfml\sidebar\sidebar\release\sidebar.tlog\link.write.1.tlog
c:\users\sephirothbahamut\documents\programming\vs\projects\sfml\sidebar\sidebar\release\sidebar.tlog\rc.command.1.tlog
c:\users\sephirothbahamut\documents\programming\vs\projects\sfml\sidebar\sidebar\release\sidebar.tlog\rc.read.1.tlog
c:\users\sephirothbahamut\documents\programming\vs\projects\sfml\sidebar\sidebar\release\sidebar.tlog\rc.write.1.tlog
c:\users\sephirothbahamut\documents\programming\vs\projects\sfml\sidebar\sidebar\release\sidebar.tlog\sidebar.write.1u.tlog
